<?xml version="1.0" encoding="UTF-8"?>
<testng-results ignored="0" total="2" passed="1" failed="1" skipped="0">
  <reporter-output>
  </reporter-output>
  <suite started-at="2024-08-28T17:00:22 IST" name="Suite" finished-at="2024-08-28T17:01:00 IST" duration-ms="37183">
    <groups>
      <group name="Master">
        <method signature="AboutSection.aboutpopup()[pri:0, instance:Testcases.AboutSection@3bf7ca37]" name="aboutpopup" class="Testcases.AboutSection"/>
      </group> <!-- Master -->
      <group name="Sanity">
        <method signature="Login_Page.verify_account_registration()[pri:0, instance:Testcases.Login_Page@74e52ef6]" name="verify_account_registration" class="Testcases.Login_Page"/>
      </group> <!-- Sanity -->
    </groups>
    <test started-at="2024-08-28T17:00:22 IST" name="loginpage" finished-at="2024-08-28T17:01:00 IST" duration-ms="37183">
      <class name="Testcases.AboutSection">
        <test-method is-config="true" signature="setup(java.lang.String)[pri:0, instance:Testcases.AboutSection@3bf7ca37]" started-at="2024-08-28T17:00:34 IST" name="setup" finished-at="2024-08-28T17:00:47 IST" duration-ms="13162" status="PASS">
          <params>
            <param index="0">
              <value>
                <![CDATA[chrome]]>
              </value>
            </param>
          </params>
          <reporter-output>
          </reporter-output>
        </test-method> <!-- setup -->
        <test-method signature="aboutpopup()[pri:0, instance:Testcases.AboutSection@3bf7ca37]" started-at="2024-08-28T17:00:47 IST" name="aboutpopup" finished-at="2024-08-28T17:00:59 IST" duration-ms="11881" status="FAIL">
          <exception class="org.openqa.selenium.NoSuchElementException">
            <message>
              <![CDATA[no such element: Unable to locate element: {"method":"xpath","selector":"//i[@class='oxd-icon bi-caret-down-fill oxd-userdropdown-icon']"}
  (Session info: chrome=128.0.6613.85)
For documentation on this error, please visit: https://www.selenium.dev/documentation/webdriver/troubleshooting/errors#no-such-element-exception
Build info: version: '4.12.0', revision: '249f2a7d1b*'
System info: os.name: 'Windows 11', os.arch: 'amd64', os.version: '10.0', java.version: '18.0.2.1'
Driver info: org.openqa.selenium.chrome.ChromeDriver
Command: [636a9ce059f53ba950f8c006e099f3c1, findElement {using=xpath, value=//i[@class='oxd-icon bi-caret-down-fill oxd-userdropdown-icon']}]
Capabilities {acceptInsecureCerts: false, browserName: chrome, browserVersion: 128.0.6613.85, chrome: {chromedriverVersion: 128.0.6613.84 (606aa55c7d68..., userDataDir: C:\Users\Admin\AppData\Loca...}, fedcm:accounts: true, goog:chromeOptions: {debuggerAddress: localhost:65271}, networkConnectionEnabled: false, pageLoadStrategy: normal, platformName: windows, proxy: Proxy(), se:cdp: ws://localhost:65271/devtoo..., se:cdpVersion: 128.0.6613.85, setWindowRect: true, strictFileInteractability: false, timeouts: {implicit: 0, pageLoad: 300000, script: 30000}, unhandledPromptBehavior: dismiss and notify, webauthn:extension:credBlob: true, webauthn:extension:largeBlob: true, webauthn:extension:minPinLength: true, webauthn:extension:prf: true, webauthn:virtualAuthenticators: true}
Session ID: 636a9ce059f53ba950f8c006e099f3c1]]>
            </message>
            <full-stacktrace>
              <![CDATA[org.openqa.selenium.NoSuchElementException: no such element: Unable to locate element: {"method":"xpath","selector":"//i[@class='oxd-icon bi-caret-down-fill oxd-userdropdown-icon']"}
  (Session info: chrome=128.0.6613.85)
For documentation on this error, please visit: https://www.selenium.dev/documentation/webdriver/troubleshooting/errors#no-such-element-exception
Build info: version: '4.12.0', revision: '249f2a7d1b*'
System info: os.name: 'Windows 11', os.arch: 'amd64', os.version: '10.0', java.version: '18.0.2.1'
Driver info: org.openqa.selenium.chrome.ChromeDriver
Command: [636a9ce059f53ba950f8c006e099f3c1, findElement {using=xpath, value=//i[@class='oxd-icon bi-caret-down-fill oxd-userdropdown-icon']}]
Capabilities {acceptInsecureCerts: false, browserName: chrome, browserVersion: 128.0.6613.85, chrome: {chromedriverVersion: 128.0.6613.84 (606aa55c7d68..., userDataDir: C:\Users\Admin\AppData\Loca...}, fedcm:accounts: true, goog:chromeOptions: {debuggerAddress: localhost:65271}, networkConnectionEnabled: false, pageLoadStrategy: normal, platformName: windows, proxy: Proxy(), se:cdp: ws://localhost:65271/devtoo..., se:cdpVersion: 128.0.6613.85, setWindowRect: true, strictFileInteractability: false, timeouts: {implicit: 0, pageLoad: 300000, script: 30000}, unhandledPromptBehavior: dismiss and notify, webauthn:extension:credBlob: true, webauthn:extension:largeBlob: true, webauthn:extension:minPinLength: true, webauthn:extension:prf: true, webauthn:virtualAuthenticators: true}
Session ID: 636a9ce059f53ba950f8c006e099f3c1
at java.base/jdk.internal.reflect.DirectConstructorHandleAccessor.newInstance(DirectConstructorHandleAccessor.java:67)
at java.base/java.lang.reflect.Constructor.newInstanceWithCaller(Constructor.java:499)
at java.base/java.lang.reflect.Constructor.newInstance(Constructor.java:483)
at org.openqa.selenium.remote.codec.w3c.W3CHttpResponseCodec.createException(W3CHttpResponseCodec.java:200)
at org.openqa.selenium.remote.codec.w3c.W3CHttpResponseCodec.decode(W3CHttpResponseCodec.java:133)
at org.openqa.selenium.remote.codec.w3c.W3CHttpResponseCodec.decode(W3CHttpResponseCodec.java:52)
at org.openqa.selenium.remote.HttpCommandExecutor.execute(HttpCommandExecutor.java:191)
at org.openqa.selenium.remote.service.DriverCommandExecutor.invokeExecute(DriverCommandExecutor.java:196)
at org.openqa.selenium.remote.service.DriverCommandExecutor.execute(DriverCommandExecutor.java:171)
at org.openqa.selenium.remote.RemoteWebDriver.execute(RemoteWebDriver.java:602)
at org.openqa.selenium.remote.ElementLocation$ElementFinder$2.findElement(ElementLocation.java:165)
at org.openqa.selenium.remote.ElementLocation.findElement(ElementLocation.java:59)
at org.openqa.selenium.remote.RemoteWebDriver.findElement(RemoteWebDriver.java:359)
at org.openqa.selenium.remote.RemoteWebDriver.findElement(RemoteWebDriver.java:353)
at pageobject.Aboutpopup.clickonprofile(Aboutpopup.java:21)
at Testcases.AboutSection.aboutpopup(AboutSection.java:21)
at java.base/jdk.internal.reflect.DirectMethodHandleAccessor.invoke(DirectMethodHandleAccessor.java:104)
at java.base/java.lang.reflect.Method.invoke(Method.java:577)
at org.testng.internal.invokers.MethodInvocationHelper.invokeMethod(MethodInvocationHelper.java:139)
at org.testng.internal.invokers.TestInvoker.invokeMethod(TestInvoker.java:664)
at org.testng.internal.invokers.TestInvoker.invokeTestMethod(TestInvoker.java:228)
at org.testng.internal.invokers.MethodRunner.runInSequence(MethodRunner.java:63)
at org.testng.internal.invokers.TestInvoker$MethodInvocationAgent.invoke(TestInvoker.java:961)
at org.testng.internal.invokers.TestInvoker.invokeTestMethods(TestInvoker.java:201)
at org.testng.internal.invokers.TestMethodWorker.invokeTestMethods(TestMethodWorker.java:148)
at org.testng.internal.invokers.TestMethodWorker.run(TestMethodWorker.java:128)
at java.base/java.util.ArrayList.forEach(ArrayList.java:1511)
at org.testng.TestRunner.privateRun(TestRunner.java:819)
at org.testng.TestRunner.run(TestRunner.java:619)
at org.testng.SuiteRunner.runTest(SuiteRunner.java:443)
at org.testng.SuiteRunner.runSequentially(SuiteRunner.java:437)
at org.testng.SuiteRunner.privateRun(SuiteRunner.java:397)
at org.testng.SuiteRunner.run(SuiteRunner.java:336)
at org.testng.SuiteRunnerWorker.runSuite(SuiteRunnerWorker.java:52)
at org.testng.SuiteRunnerWorker.run(SuiteRunnerWorker.java:95)
at org.testng.TestNG.runSuitesSequentially(TestNG.java:1301)
at org.testng.TestNG.runSuitesLocally(TestNG.java:1228)
at org.testng.TestNG.runSuites(TestNG.java:1134)
at org.testng.TestNG.run(TestNG.java:1101)
at org.testng.remote.AbstractRemoteTestNG.run(AbstractRemoteTestNG.java:115)
at org.testng.remote.RemoteTestNG.initAndRun(RemoteTestNG.java:251)
at org.testng.remote.RemoteTestNG.main(RemoteTestNG.java:77)
]]>
            </full-stacktrace>
          </exception> <!-- org.openqa.selenium.NoSuchElementException -->
          <reporter-output>
          </reporter-output>
        </test-method> <!-- aboutpopup -->
      </class> <!-- Testcases.AboutSection -->
      <class name="Testcases.Login_Page">
        <test-method is-config="true" signature="setup(java.lang.String)[pri:0, instance:Testcases.Login_Page@74e52ef6]" started-at="2024-08-28T17:00:23 IST" name="setup" finished-at="2024-08-28T17:00:32 IST" duration-ms="9654" status="PASS">
          <params>
            <param index="0">
              <value>
                <![CDATA[chrome]]>
              </value>
            </param>
          </params>
          <reporter-output>
          </reporter-output>
        </test-method> <!-- setup -->
        <test-method signature="verify_account_registration()[pri:0, instance:Testcases.Login_Page@74e52ef6]" started-at="2024-08-28T17:00:32 IST" name="verify_account_registration" finished-at="2024-08-28T17:00:34 IST" duration-ms="1824" status="PASS">
          <reporter-output>
          </reporter-output>
        </test-method> <!-- verify_account_registration -->
      </class> <!-- Testcases.Login_Page -->
    </test> <!-- loginpage -->
  </suite> <!-- Suite -->
</testng-results>
